Sending build context to Docker daemon 3.584 kB
Sending build context to Docker daemon 
Step 0 : FROM       debian:latest
 ---> 25daec02219d
Step 1 : MAINTAINER Emilio Palumbo <emiliopalumbo@gmail.com>
 ---> Using cache
 ---> b34cd755b6c5
Step 2 : ENV DEBIAN_FRONTEND noninteractive
 ---> Using cache
 ---> 2e4627d3e57e
Step 3 : RUN apt-get update --fix-missing
 ---> Using cache
 ---> 60bb1ab7ec1a
Step 4 : RUN apt-get install -y    gcc    make    build-essential    git    python-dev    python-pip    locales    wget
 ---> Running in 4568978d217e
Reading package lists...
Building dependency tree...
Reading state information...
The following extra packages will be installed:
  adduser binutils bzip2 ca-certificates cpp cpp-4.7 dpkg-dev fakeroot file
  g++ g++-4.7 gcc-4.7 git-man krb5-locales less libalgorithm-diff-perl
  libalgorithm-diff-xs-perl libalgorithm-merge-perl libbsd0 libc-dev-bin
  libc6-dev libclass-isa-perl libcurl3-gnutls libdpkg-perl libedit2
  liberror-perl libexpat1 libexpat1-dev libfile-fcntllock-perl libgcrypt11
  libgdbm3 libgmp10 libgnutls26 libgomp1 libgpg-error0 libgpm2
  libgssapi-krb5-2 libidn11 libitm1 libk5crypto3 libkeyutils1 libkrb5-3
  libkrb5support0 libldap-2.4-2 libmagic1 libmpc2 libmpfr4 libncursesw5
  libp11-kit0 libpopt0 libpython2.7 libquadmath0 librtmp0 libsasl2-2
  libsasl2-modules libsqlite3-0 libssh2-1 libssl-dev libssl-doc libssl1.0.0
  libstdc++6-4.7-dev libswitch-perl libtasn1-3 libtimedate-perl libx11-6
  libx11-data libxau6 libxcb1 libxdmcp6 libxext6 libxmuu1 linux-libc-dev
  manpages manpages-dev mime-support openssh-blacklist openssh-blacklist-extra
  openssh-client openssl patch perl perl-modules python python-minimal
  python-pkg-resources python-setuptools python2.6 python2.6-minimal python2.7
  python2.7-dev python2.7-minimal rsync xauth zlib1g-dev
Suggested packages:
  binutils-doc bzip2-doc cpp-doc gcc-4.7-locales debian-keyring g++-multilib
  g++-4.7-multilib gcc-4.7-doc libstdc++6-4.7-dbg gcc-multilib autoconf
  automake1.9 libtool flex bison gdb gcc-doc gcc-4.7-multilib
  libmudflap0-4.7-dev libgcc1-dbg libgomp1-dbg libitm1-dbg libquadmath0-dbg
  libmudflap0-dbg libcloog-ppl0 libppl-c2 libppl7 binutils-gold gettext-base
  git-daemon-run git-daemon-sysvinit git-doc git-el git-arch git-cvs git-svn
  git-email git-gui gitk gitweb glibc-doc rng-tools gpm krb5-doc krb5-user
  libsasl2-modules-otp libsasl2-modules-ldap libsasl2-modules-sql
  libsasl2-modules-gssapi-mit libsasl2-modules-gssapi-heimdal
  libstdc++6-4.7-doc make-doc man-browser ssh-askpass libpam-ssh keychain
  monkeysphere ed diffutils-doc perl-doc libterm-readline-gnu-perl
  libterm-readline-perl-perl libpod-plainer-perl python-doc python-tk
  python-distribute python-distribute-doc python2.6-doc binfmt-support
  python2.7-doc openssh-server
Recommended packages:
  ssh-client python-dev-all
The following NEW packages will be installed:
  adduser binutils build-essential bzip2 ca-certificates cpp cpp-4.7 dpkg-dev
  fakeroot file g++ g++-4.7 gcc gcc-4.7 git git-man krb5-locales less
  libalgorithm-diff-perl libalgorithm-diff-xs-perl libalgorithm-merge-perl
  libbsd0 libc-dev-bin libc6-dev libclass-isa-perl libcurl3-gnutls
  libdpkg-perl libedit2 liberror-perl libexpat1 libexpat1-dev
  libfile-fcntllock-perl libgcrypt11 libgdbm3 libgmp10 libgnutls26 libgomp1
  libgpg-error0 libgpm2 libgssapi-krb5-2 libidn11 libitm1 libk5crypto3
  libkeyutils1 libkrb5-3 libkrb5support0 libldap-2.4-2 libmagic1 libmpc2
  libmpfr4 libncursesw5 libp11-kit0 libpopt0 libpython2.7 libquadmath0
  librtmp0 libsasl2-2 libsasl2-modules libsqlite3-0 libssh2-1 libssl-dev
  libssl-doc libssl1.0.0 libstdc++6-4.7-dev libswitch-perl libtasn1-3
  libtimedate-perl libx11-6 libx11-data libxau6 libxcb1 libxdmcp6 libxext6
  libxmuu1 linux-libc-dev locales make manpages manpages-dev mime-support
  openssh-blacklist openssh-blacklist-extra openssh-client openssl patch perl
  perl-modules python python-dev python-minimal python-pip
  python-pkg-resources python-setuptools python2.6 python2.6-minimal python2.7
  python2.7-dev python2.7-minimal rsync wget xauth zlib1g-dev
0 upgraded, 102 newly installed, 0 to remove and 0 not upgraded.
Need to get 112 MB of archives.
After this operation, 272 MB of additional disk space will be used.
Get:1 http://http.debian.net/debian/ wheezy/main libgdbm3 amd64 1.8.3-11 [46.9 kB]
Get:2 http://security.debian.org/ wheezy/updates/main libssl1.0.0 amd64 1.0.1e-2+deb7u12 [1259 kB]
Get:3 http://http.debian.net/debian/ wheezy/main libncursesw5 amd64 5.9-10 [141 kB]
Get:4 http://http.debian.net/debian/ wheezy/main libpopt0 amd64 1.16-7 [56.4 kB]
Get:5 http://http.debian.net/debian/ wheezy/main libbsd0 amd64 0.4.2-1 [59.3 kB]
Get:6 http://http.debian.net/debian/ wheezy/main libedit2 amd64 2.11-20080614-5 [72.9 kB]
Get:7 http://http.debian.net/debian/ wheezy/main libgpg-error0 amd64 1.10-3.1 [77.9 kB]
Get:8 http://http.debian.net/debian/ wheezy/main libgcrypt11 amd64 1.5.0-5+deb7u1 [300 kB]
Get:9 http://http.debian.net/debian/ wheezy/main libp11-kit0 amd64 0.12-3 [52.8 kB]
Get:10 http://http.debian.net/debian/ wheezy/main libtasn1-3 amd64 2.13-2 [67.7 kB]
Get:11 http://http.debian.net/debian/ wheezy/main libgnutls26 amd64 2.12.20-8+deb7u2 [618 kB]
Get:12 http://http.debian.net/debian/ wheezy/main libgpm2 amd64 1.20.4-6 [35.8 kB]
Get:13 http://http.debian.net/debian/ wheezy/main libkeyutils1 amd64 1.5.5-3 [8552 B]
Get:14 http://http.debian.net/debian/ wheezy/main libidn11 amd64 1.25-2 [178 kB]
Get:15 http://http.debian.net/debian/ wheezy/main libsasl2-2 amd64 2.1.25.dfsg1-6+deb7u1 [120 kB]
Get:16 http://http.debian.net/debian/ wheezy/main libldap-2.4-2 amd64 2.4.31-1+nmu2 [243 kB]
Get:17 http://security.debian.org/ wheezy/updates/main libkrb5support0 amd64 1.10.1+dfsg-5+deb7u2 [49.8 kB]
Get:18 http://security.debian.org/ wheezy/updates/main libk5crypto3 amd64 1.10.1+dfsg-5+deb7u2 [113 kB]
Get:19 http://http.debian.net/debian/ wheezy/main libmagic1 amd64 5.11-2+deb7u3 [202 kB]
Get:20 http://security.debian.org/ wheezy/updates/main libkrb5-3 amd64 1.10.1+dfsg-5+deb7u2 [393 kB]
Get:21 http://http.debian.net/debian/ wheezy/main libsqlite3-0 amd64 3.7.13-1+deb7u1 [455 kB]
Get:22 http://http.debian.net/debian/ wheezy/main librtmp0 amd64 2.4+20111222.git4e06e21-1 [62.3 kB]
Get:23 http://http.debian.net/debian/ wheezy/main libssh2-1 amd64 1.4.2-1.1 [133 kB]
Get:24 http://http.debian.net/debian/ wheezy/main libcurl3-gnutls amd64 7.26.0-1+wheezy9 [321 kB]
Get:25 http://security.debian.org/ wheezy/updates/main libgssapi-krb5-2 amd64 1.10.1+dfsg-5+deb7u2 [148 kB]
Get:26 http://http.debian.net/debian/ wheezy/main libexpat1 amd64 2.1.0-1+deb7u1 [139 kB]
Get:27 http://http.debian.net/debian/ wheezy/main libgmp10 amd64 2:5.0.5+dfsg-2 [250 kB]
Get:28 http://http.debian.net/debian/ wheezy/main libgomp1 amd64 4.7.2-5 [27.5 kB]
Get:29 http://http.debian.net/debian/ wheezy/main libitm1 amd64 4.7.2-5 [36.6 kB]
Get:30 http://http.debian.net/debian/ wheezy/main libmpfr4 amd64 3.1.0-5 [538 kB]
Get:31 http://http.debian.net/debian/ wheezy/main libquadmath0 amd64 4.7.2-5 [125 kB]
Get:32 http://http.debian.net/debian/ wheezy/main libxau6 amd64 1:1.0.7-1 [18.8 kB]
Get:33 http://http.debian.net/debian/ wheezy/main libxdmcp6 amd64 1:1.1.1-1 [26.3 kB]
Get:34 http://http.debian.net/debian/ wheezy/main libxcb1 amd64 1.8.1-2+deb7u1 [50.2 kB]
Get:35 http://http.debian.net/debian/ wheezy/main libx11-data all 2:1.5.0-1+deb7u1 [189 kB]
Get:36 http://http.debian.net/debian/ wheezy/main libx11-6 amd64 2:1.5.0-1+deb7u1 [900 kB]
Get:37 http://security.debian.org/ wheezy/updates/main krb5-locales all 1.10.1+dfsg-5+deb7u2 [1503 kB]
Get:38 http://http.debian.net/debian/ wheezy/main libxext6 amd64 2:1.3.1-2+deb7u1 [54.8 kB]
Get:39 http://http.debian.net/debian/ wheezy/main libxmuu1 amd64 2:1.1.1-1 [23.6 kB]
Get:40 http://http.debian.net/debian/ wheezy/main openssh-blacklist all 0.4.1+nmu1 [1835 kB]
Get:41 http://http.debian.net/debian/ wheezy/main openssh-blacklist-extra all 0.4.1+nmu1 [1835 kB]
Get:42 http://http.debian.net/debian/ wheezy/main libmpc2 amd64 0.9-4 [40.1 kB]
Get:43 http://http.debian.net/debian/ wheezy/main adduser all 3.113+nmu3 [264 kB]
Get:44 http://http.debian.net/debian/ wheezy/main manpages all 3.44-1 [795 kB]
Get:45 http://security.debian.org/ wheezy/updates/main locales all 2.13-38+deb7u4 [5657 kB]
Get:46 http://http.debian.net/debian/ wheezy/main wget amd64 1.13.4-3+deb7u1 [762 kB]
Get:47 http://http.debian.net/debian/ wheezy/main bzip2 amd64 1.0.6-4 [50.1 kB]
Get:48 http://http.debian.net/debian/ wheezy/main file amd64 5.11-2+deb7u3 [52.1 kB]
Get:49 http://http.debian.net/debian/ wheezy/main less amd64 444-4 [135 kB]
Get:50 http://http.debian.net/debian/ wheezy/main libclass-isa-perl all 0.36-3 [12.3 kB]
Get:51 http://http.debian.net/debian/ wheezy/main perl-modules all 5.14.2-21+deb7u1 [3440 kB]
Get:52 http://http.debian.net/debian/ wheezy/main perl amd64 5.14.2-21+deb7u1 [4407 kB]
Get:53 http://security.debian.org/ wheezy/updates/main libc-dev-bin amd64 2.13-38+deb7u4 [227 kB]
Get:54 http://security.debian.org/ wheezy/updates/main linux-libc-dev amd64 3.2.60-1+deb7u3 [826 kB]
Get:55 http://security.debian.org/ wheezy/updates/main libc6-dev amd64 2.13-38+deb7u4 [2654 kB]
Get:56 http://http.debian.net/debian/ wheezy/main libswitch-perl all 2.16-2 [21.0 kB]
Get:57 http://http.debian.net/debian/ wheezy/main mime-support all 3.52-1 [35.5 kB]
Get:58 http://security.debian.org/ wheezy/updates/main openssl amd64 1.0.1e-2+deb7u12 [701 kB]
Get:59 http://http.debian.net/debian/ wheezy/main openssh-client amd64 1:6.0p1-4+deb7u2 [1024 kB]
Get:60 http://http.debian.net/debian/ wheezy/main patch amd64 2.6.1-3 [121 kB]
Get:61 http://security.debian.org/ wheezy/updates/main libssl-dev amd64 1.0.1e-2+deb7u12 [1754 kB]
Get:62 http://http.debian.net/debian/ wheezy/main python2.7-minimal amd64 2.7.3-6+deb7u2 [1785 kB]
Get:63 http://http.debian.net/debian/ wheezy/main python2.7 amd64 2.7.3-6+deb7u2 [2728 kB]
Get:64 http://security.debian.org/ wheezy/updates/main libssl-doc all 1.0.1e-2+deb7u12 [1198 kB]
Get:65 http://http.debian.net/debian/ wheezy/main python-minimal all 2.7.3-4+deb7u1 [42.8 kB]
Get:66 http://http.debian.net/debian/ wheezy/main python all 2.7.3-4+deb7u1 [181 kB]
Get:67 http://http.debian.net/debian/ wheezy/main python2.6-minimal amd64 2.6.8-1.1 [1547 kB]
Get:68 http://http.debian.net/debian/ wheezy/main binutils amd64 2.22-8 [4800 kB]
Get:69 http://http.debian.net/debian/ wheezy/main cpp-4.7 amd64 4.7.2-5 [5416 kB]
Get:70 http://http.debian.net/debian/ wheezy/main cpp amd64 4:4.7.2-1 [16.6 kB]
Get:71 http://http.debian.net/debian/ wheezy/main gcc-4.7 amd64 4.7.2-5 [8296 kB]
Get:72 http://http.debian.net/debian/ wheezy/main gcc amd64 4:4.7.2-1 [5064 B]
Get:73 http://http.debian.net/debian/ wheezy/main libstdc++6-4.7-dev amd64 4.7.2-5 [1726 kB]
Get:74 http://http.debian.net/debian/ wheezy/main g++-4.7 amd64 4.7.2-5 [8011 kB]
Get:75 http://http.debian.net/debian/ wheezy/main g++ amd64 4:4.7.2-1 [1374 B]
Get:76 http://http.debian.net/debian/ wheezy/main make amd64 3.81-8.2 [396 kB]
Get:77 http://http.debian.net/debian/ wheezy/main libtimedate-perl all 1.2000-1 [41.2 kB]
Get:78 http://http.debian.net/debian/ wheezy/main libdpkg-perl all 1.16.15 [958 kB]
Get:79 http://http.debian.net/debian/ wheezy/main dpkg-dev all 1.16.15 [1356 kB]
Get:80 http://http.debian.net/debian/ wheezy/main build-essential amd64 11.5 [7178 B]
Get:81 http://http.debian.net/debian/ wheezy/main ca-certificates all 20130119 [185 kB]
Get:82 http://http.debian.net/debian/ wheezy/main fakeroot amd64 1.18.4-2 [109 kB]
Get:83 http://http.debian.net/debian/ wheezy/main liberror-perl all 0.17-1 [23.6 kB]
Get:84 http://http.debian.net/debian/ wheezy/main git-man all 1:1.7.10.4-1+wheezy1 [1074 kB]
Get:85 http://http.debian.net/debian/ wheezy/main git amd64 1:1.7.10.4-1+wheezy1 [6683 kB]
Get:86 http://http.debian.net/debian/ wheezy/main libalgorithm-diff-perl all 1.19.02-2 [51.5 kB]
Get:87 http://http.debian.net/debian/ wheezy/main libalgorithm-diff-xs-perl amd64 0.04-2+b1 [12.9 kB]
Get:88 http://http.debian.net/debian/ wheezy/main libalgorithm-merge-perl all 0.08-2 [13.5 kB]
Get:89 http://http.debian.net/debian/ wheezy/main libexpat1-dev amd64 2.1.0-1+deb7u1 [222 kB]
Get:90 http://http.debian.net/debian/ wheezy/main libfile-fcntllock-perl amd64 0.14-2 [17.2 kB]
Get:91 http://http.debian.net/debian/ wheezy/main libpython2.7 amd64 2.7.3-6+deb7u2 [1207 kB]
Get:92 http://http.debian.net/debian/ wheezy/main libsasl2-modules amd64 2.1.25.dfsg1-6+deb7u1 [116 kB]
Get:93 http://http.debian.net/debian/ wheezy/main zlib1g-dev amd64 1:1.2.7.dfsg-13 [215 kB]
Get:94 http://http.debian.net/debian/ wheezy/main manpages-dev all 3.44-1 [1737 kB]
Get:95 http://http.debian.net/debian/ wheezy/main python2.7-dev amd64 2.7.3-6+deb7u2 [22.8 MB]
Get:96 http://http.debian.net/debian/ wheezy/main python-dev all 2.7.3-4+deb7u1 [920 B]
Get:97 http://http.debian.net/debian/ wheezy/main python2.6 amd64 2.6.8-1.1 [2509 kB]
Get:98 http://http.debian.net/debian/ wheezy/main python-pkg-resources all 0.6.24-1 [63.6 kB]
Get:99 http://http.debian.net/debian/ wheezy/main python-setuptools all 0.6.24-1 [449 kB]
Get:100 http://http.debian.net/debian/ wheezy/main python-pip all 1.1-3 [112 kB]
Get:101 http://http.debian.net/debian/ wheezy/main rsync amd64 3.0.9-4 [369 kB]
Get:102 http://http.debian.net/debian/ wheezy/main xauth amd64 1:1.0.7-1 [37.2 kB]
[91mdebconf: delaying package configuration, since apt-utils is not installed
[0mFetched 112 MB in 59s (1876 kB/s)
Selecting previously unselected package libgdbm3:amd64.
(Reading database ... 6701 files and directories currently installed.)
Unpacking libgdbm3:amd64 (from .../libgdbm3_1.8.3-11_amd64.deb) ...
Selecting previously unselected package libncursesw5:amd64.
Unpacking libncursesw5:amd64 (from .../libncursesw5_5.9-10_amd64.deb) ...
Selecting previously unselected package libpopt0:amd64.
Unpacking libpopt0:amd64 (from .../libpopt0_1.16-7_amd64.deb) ...
Selecting previously unselected package libssl1.0.0:amd64.
Unpacking libssl1.0.0:amd64 (from .../libssl1.0.0_1.0.1e-2+deb7u12_amd64.deb) ...
Selecting previously unselected package libbsd0:amd64.
Unpacking libbsd0:amd64 (from .../libbsd0_0.4.2-1_amd64.deb) ...
Selecting previously unselected package libedit2:amd64.
Unpacking libedit2:amd64 (from .../libedit2_2.11-20080614-5_amd64.deb) ...
Selecting previously unselected package libgpg-error0:amd64.
Unpacking libgpg-error0:amd64 (from .../libgpg-error0_1.10-3.1_amd64.deb) ...
Selecting previously unselected package libgcrypt11:amd64.
Unpacking libgcrypt11:amd64 (from .../libgcrypt11_1.5.0-5+deb7u1_amd64.deb) ...
Selecting previously unselected package libp11-kit0:amd64.
Unpacking libp11-kit0:amd64 (from .../libp11-kit0_0.12-3_amd64.deb) ...
Selecting previously unselected package libtasn1-3:amd64.
Unpacking libtasn1-3:amd64 (from .../libtasn1-3_2.13-2_amd64.deb) ...
Selecting previously unselected package libgnutls26:amd64.
Unpacking libgnutls26:amd64 (from .../libgnutls26_2.12.20-8+deb7u2_amd64.deb) ...
Selecting previously unselected package libgpm2:amd64.
Unpacking libgpm2:amd64 (from .../libgpm2_1.20.4-6_amd64.deb) ...
Selecting previously unselected package libkeyutils1:amd64.
Unpacking libkeyutils1:amd64 (from .../libkeyutils1_1.5.5-3_amd64.deb) ...
Selecting previously unselected package libkrb5support0:amd64.
Unpacking libkrb5support0:amd64 (from .../libkrb5support0_1.10.1+dfsg-5+deb7u2_amd64.deb) ...
Selecting previously unselected package libk5crypto3:amd64.
Unpacking libk5crypto3:amd64 (from .../libk5crypto3_1.10.1+dfsg-5+deb7u2_amd64.deb) ...
Selecting previously unselected package libkrb5-3:amd64.
Unpacking libkrb5-3:amd64 (from .../libkrb5-3_1.10.1+dfsg-5+deb7u2_amd64.deb) ...
Selecting previously unselected package libgssapi-krb5-2:amd64.
Unpacking libgssapi-krb5-2:amd64 (from .../libgssapi-krb5-2_1.10.1+dfsg-5+deb7u2_amd64.deb) ...
Selecting previously unselected package libidn11:amd64.
Unpacking libidn11:amd64 (from .../libidn11_1.25-2_amd64.deb) ...
Selecting previously unselected package libsasl2-2:amd64.
Unpacking libsasl2-2:amd64 (from .../libsasl2-2_2.1.25.dfsg1-6+deb7u1_amd64.deb) ...
Selecting previously unselected package libldap-2.4-2:amd64.
Unpacking libldap-2.4-2:amd64 (from .../libldap-2.4-2_2.4.31-1+nmu2_amd64.deb) ...
Selecting previously unselected package libmagic1:amd64.
Unpacking libmagic1:amd64 (from .../libmagic1_5.11-2+deb7u3_amd64.deb) ...
Selecting previously unselected package libsqlite3-0:amd64.
Unpacking libsqlite3-0:amd64 (from .../libsqlite3-0_3.7.13-1+deb7u1_amd64.deb) ...
Selecting previously unselected package librtmp0:amd64.
Unpacking librtmp0:amd64 (from .../librtmp0_2.4+20111222.git4e06e21-1_amd64.deb) ...
Selecting previously unselected package libssh2-1:amd64.
Unpacking libssh2-1:amd64 (from .../libssh2-1_1.4.2-1.1_amd64.deb) ...
Selecting previously unselected package libcurl3-gnutls:amd64.
Unpacking libcurl3-gnutls:amd64 (from .../libcurl3-gnutls_7.26.0-1+wheezy9_amd64.deb) ...
Selecting previously unselected package libexpat1:amd64.
Unpacking libexpat1:amd64 (from .../libexpat1_2.1.0-1+deb7u1_amd64.deb) ...
Selecting previously unselected package libgmp10:amd64.
Unpacking libgmp10:amd64 (from .../libgmp10_2%3a5.0.5+dfsg-2_amd64.deb) ...
Selecting previously unselected package libgomp1:amd64.
Unpacking libgomp1:amd64 (from .../libgomp1_4.7.2-5_amd64.deb) ...
Selecting previously unselected package libitm1:amd64.
Unpacking libitm1:amd64 (from .../libitm1_4.7.2-5_amd64.deb) ...
Selecting previously unselected package libmpfr4:amd64.
Unpacking libmpfr4:amd64 (from .../libmpfr4_3.1.0-5_amd64.deb) ...
Selecting previously unselected package libquadmath0:amd64.
Unpacking libquadmath0:amd64 (from .../libquadmath0_4.7.2-5_amd64.deb) ...
Selecting previously unselected package libxau6:amd64.
Unpacking libxau6:amd64 (from .../libxau6_1%3a1.0.7-1_amd64.deb) ...
Selecting previously unselected package libxdmcp6:amd64.
Unpacking libxdmcp6:amd64 (from .../libxdmcp6_1%3a1.1.1-1_amd64.deb) ...
Selecting previously unselected package libxcb1:amd64.
Unpacking libxcb1:amd64 (from .../libxcb1_1.8.1-2+deb7u1_amd64.deb) ...
Selecting previously unselected package libx11-data.
Unpacking libx11-data (from .../libx11-data_2%3a1.5.0-1+deb7u1_all.deb) ...
Selecting previously unselected package libx11-6:amd64.
Unpacking libx11-6:amd64 (from .../libx11-6_2%3a1.5.0-1+deb7u1_amd64.deb) ...
Selecting previously unselected package libxext6:amd64.
Unpacking libxext6:amd64 (from .../libxext6_2%3a1.3.1-2+deb7u1_amd64.deb) ...
Selecting previously unselected package libxmuu1:amd64.
Unpacking libxmuu1:amd64 (from .../libxmuu1_2%3a1.1.1-1_amd64.deb) ...
Selecting previously unselected package openssh-blacklist.
Unpacking openssh-blacklist (from .../openssh-blacklist_0.4.1+nmu1_all.deb) ...
Selecting previously unselected package openssh-blacklist-extra.
Unpacking openssh-blacklist-extra (from .../openssh-blacklist-extra_0.4.1+nmu1_all.deb) ...
Selecting previously unselected package libmpc2:amd64.
Unpacking libmpc2:amd64 (from .../libmpc2_0.9-4_amd64.deb) ...
Selecting previously unselected package adduser.
Unpacking adduser (from .../adduser_3.113+nmu3_all.deb) ...
Selecting previously unselected package manpages.
Unpacking manpages (from .../manpages_3.44-1_all.deb) ...
Selecting previously unselected package wget.
Unpacking wget (from .../wget_1.13.4-3+deb7u1_amd64.deb) ...
Selecting previously unselected package bzip2.
Unpacking bzip2 (from .../bzip2_1.0.6-4_amd64.deb) ...
Selecting previously unselected package file.
Unpacking file (from .../file_5.11-2+deb7u3_amd64.deb) ...
Selecting previously unselected package krb5-locales.
Unpacking krb5-locales (from .../krb5-locales_1.10.1+dfsg-5+deb7u2_all.deb) ...
Selecting previously unselected package less.
Unpacking less (from .../archives/less_444-4_amd64.deb) ...
Selecting previously unselected package libclass-isa-perl.
Unpacking libclass-isa-perl (from .../libclass-isa-perl_0.36-3_all.deb) ...
Selecting previously unselected package perl-modules.
Unpacking perl-modules (from .../perl-modules_5.14.2-21+deb7u1_all.deb) ...
Selecting previously unselected package perl.
Unpacking perl (from .../perl_5.14.2-21+deb7u1_amd64.deb) ...
Selecting previously unselected package libswitch-perl.
Unpacking libswitch-perl (from .../libswitch-perl_2.16-2_all.deb) ...
Selecting previously unselected package locales.
Unpacking locales (from .../locales_2.13-38+deb7u4_all.deb) ...
Selecting previously unselected package mime-support.
Unpacking mime-support (from .../mime-support_3.52-1_all.deb) ...
Selecting previously unselected package openssh-client.
Unpacking openssh-client (from .../openssh-client_1%3a6.0p1-4+deb7u2_amd64.deb) ...
Selecting previously unselected package patch.
Unpacking patch (from .../patch_2.6.1-3_amd64.deb) ...
Selecting previously unselected package python2.7-minimal.
Unpacking python2.7-minimal (from .../python2.7-minimal_2.7.3-6+deb7u2_amd64.deb) ...
Selecting previously unselected package python2.7.
Unpacking python2.7 (from .../python2.7_2.7.3-6+deb7u2_amd64.deb) ...
Selecting previously unselected package python-minimal.
Unpacking python-minimal (from .../python-minimal_2.7.3-4+deb7u1_all.deb) ...
Selecting previously unselected package python.
Unpacking python (from .../python_2.7.3-4+deb7u1_all.deb) ...
Selecting previously unselected package python2.6-minimal.
Unpacking python2.6-minimal (from .../python2.6-minimal_2.6.8-1.1_amd64.deb) ...
Selecting previously unselected package binutils.
Unpacking binutils (from .../binutils_2.22-8_amd64.deb) ...
Selecting previously unselected package libc-dev-bin.
Unpacking libc-dev-bin (from .../libc-dev-bin_2.13-38+deb7u4_amd64.deb) ...
Selecting previously unselected package linux-libc-dev:amd64.
Unpacking linux-libc-dev:amd64 (from .../linux-libc-dev_3.2.60-1+deb7u3_amd64.deb) ...
Selecting previously unselected package libc6-dev:amd64.
Unpacking libc6-dev:amd64 (from .../libc6-dev_2.13-38+deb7u4_amd64.deb) ...
Selecting previously unselected package cpp-4.7.
Unpacking cpp-4.7 (from .../cpp-4.7_4.7.2-5_amd64.deb) ...
Selecting previously unselected package cpp.
Unpacking cpp (from .../cpp_4%3a4.7.2-1_amd64.deb) ...
Selecting previously unselected package gcc-4.7.
Unpacking gcc-4.7 (from .../gcc-4.7_4.7.2-5_amd64.deb) ...
Selecting previously unselected package gcc.
Unpacking gcc (from .../gcc_4%3a4.7.2-1_amd64.deb) ...
Selecting previously unselected package libstdc++6-4.7-dev.
Unpacking libstdc++6-4.7-dev (from .../libstdc++6-4.7-dev_4.7.2-5_amd64.deb) ...
Selecting previously unselected package g++-4.7.
Unpacking g++-4.7 (from .../g++-4.7_4.7.2-5_amd64.deb) ...
Selecting previously unselected package g++.
Unpacking g++ (from .../g++_4%3a4.7.2-1_amd64.deb) ...
Selecting previously unselected package make.
Unpacking make (from .../make_3.81-8.2_amd64.deb) ...
Selecting previously unselected package libtimedate-perl.
Unpacking libtimedate-perl (from .../libtimedate-perl_1.2000-1_all.deb) ...
Selecting previously unselected package libdpkg-perl.
Unpacking libdpkg-perl (from .../libdpkg-perl_1.16.15_all.deb) ...
Selecting previously unselected package dpkg-dev.
Unpacking dpkg-dev (from .../dpkg-dev_1.16.15_all.deb) ...
Selecting previously unselected package build-essential.
Unpacking build-essential (from .../build-essential_11.5_amd64.deb) ...
Selecting previously unselected package openssl.
Unpacking openssl (from .../openssl_1.0.1e-2+deb7u12_amd64.deb) ...
Selecting previously unselected package ca-certificates.
Unpacking ca-certificates (from .../ca-certificates_20130119_all.deb) ...
Selecting previously unselected package fakeroot.
Unpacking fakeroot (from .../fakeroot_1.18.4-2_amd64.deb) ...
Selecting previously unselected package liberror-perl.
Unpacking liberror-perl (from .../liberror-perl_0.17-1_all.deb) ...
Selecting previously unselected package git-man.
Unpacking git-man (from .../git-man_1%3a1.7.10.4-1+wheezy1_all.deb) ...
Selecting previously unselected package git.
Unpacking git (from .../git_1%3a1.7.10.4-1+wheezy1_amd64.deb) ...
Selecting previously unselected package libalgorithm-diff-perl.
Unpacking libalgorithm-diff-perl (from .../libalgorithm-diff-perl_1.19.02-2_all.deb) ...
Selecting previously unselected package libalgorithm-diff-xs-perl.
Unpacking libalgorithm-diff-xs-perl (from .../libalgorithm-diff-xs-perl_0.04-2+b1_amd64.deb) ...
Selecting previously unselected package libalgorithm-merge-perl.
Unpacking libalgorithm-merge-perl (from .../libalgorithm-merge-perl_0.08-2_all.deb) ...
Selecting previously unselected package libexpat1-dev.
Unpacking libexpat1-dev (from .../libexpat1-dev_2.1.0-1+deb7u1_amd64.deb) ...
Selecting previously unselected package libfile-fcntllock-perl.
Unpacking libfile-fcntllock-perl (from .../libfile-fcntllock-perl_0.14-2_amd64.deb) ...
Selecting previously unselected package libpython2.7.
Unpacking libpython2.7 (from .../libpython2.7_2.7.3-6+deb7u2_amd64.deb) ...
Selecting previously unselected package libsasl2-modules:amd64.
Unpacking libsasl2-modules:amd64 (from .../libsasl2-modules_2.1.25.dfsg1-6+deb7u1_amd64.deb) ...
Selecting previously unselected package zlib1g-dev:amd64.
Unpacking zlib1g-dev:amd64 (from .../zlib1g-dev_1%3a1.2.7.dfsg-13_amd64.deb) ...
Selecting previously unselected package libssl-dev.
Unpacking libssl-dev (from .../libssl-dev_1.0.1e-2+deb7u12_amd64.deb) ...
Selecting previously unselected package libssl-doc.
Unpacking libssl-doc (from .../libssl-doc_1.0.1e-2+deb7u12_all.deb) ...
Selecting previously unselected package manpages-dev.
Unpacking manpages-dev (from .../manpages-dev_3.44-1_all.deb) ...
Selecting previously unselected package python2.7-dev.
Unpacking python2.7-dev (from .../python2.7-dev_2.7.3-6+deb7u2_amd64.deb) ...
Selecting previously unselected package python-dev.
Unpacking python-dev (from .../python-dev_2.7.3-4+deb7u1_all.deb) ...
Selecting previously unselected package python2.6.
Unpacking python2.6 (from .../python2.6_2.6.8-1.1_amd64.deb) ...
Selecting previously unselected package python-pkg-resources.
Unpacking python-pkg-resources (from .../python-pkg-resources_0.6.24-1_all.deb) ...
Selecting previously unselected package python-setuptools.
Unpacking python-setuptools (from .../python-setuptools_0.6.24-1_all.deb) ...
Selecting previously unselected package python-pip.
Unpacking python-pip (from .../python-pip_1.1-3_all.deb) ...
Selecting previously unselected package rsync.
Unpacking rsync (from .../rsync_3.0.9-4_amd64.deb) ...
Selecting previously unselected package xauth.
Unpacking xauth (from .../xauth_1%3a1.0.7-1_amd64.deb) ...
Setting up libgdbm3:amd64 (1.8.3-11) ...
Setting up libncursesw5:amd64 (5.9-10) ...
Setting up libpopt0:amd64 (1.16-7) ...
Setting up libssl1.0.0:amd64 (1.0.1e-2+deb7u12) ...
Setting up libbsd0:amd64 (0.4.2-1) ...
Setting up libedit2:amd64 (2.11-20080614-5) ...
Setting up libgpg-error0:amd64 (1.10-3.1) ...
Setting up libgcrypt11:amd64 (1.5.0-5+deb7u1) ...
Setting up libp11-kit0:amd64 (0.12-3) ...
Setting up libtasn1-3:amd64 (2.13-2) ...
Setting up libgnutls26:amd64 (2.12.20-8+deb7u2) ...
Setting up libgpm2:amd64 (1.20.4-6) ...
Setting up libkeyutils1:amd64 (1.5.5-3) ...
Setting up libkrb5support0:amd64 (1.10.1+dfsg-5+deb7u2) ...
Setting up libk5crypto3:amd64 (1.10.1+dfsg-5+deb7u2) ...
Setting up libkrb5-3:amd64 (1.10.1+dfsg-5+deb7u2) ...
Setting up libgssapi-krb5-2:amd64 (1.10.1+dfsg-5+deb7u2) ...
Setting up libidn11:amd64 (1.25-2) ...
Setting up libsasl2-2:amd64 (2.1.25.dfsg1-6+deb7u1) ...
Setting up libldap-2.4-2:amd64 (2.4.31-1+nmu2) ...
Setting up libmagic1:amd64 (5.11-2+deb7u3) ...
Setting up libsqlite3-0:amd64 (3.7.13-1+deb7u1) ...
Setting up librtmp0:amd64 (2.4+20111222.git4e06e21-1) ...
Setting up libssh2-1:amd64 (1.4.2-1.1) ...
Setting up libcurl3-gnutls:amd64 (7.26.0-1+wheezy9) ...
Setting up libexpat1:amd64 (2.1.0-1+deb7u1) ...
Setting up libgmp10:amd64 (2:5.0.5+dfsg-2) ...
Setting up libgomp1:amd64 (4.7.2-5) ...
Setting up libitm1:amd64 (4.7.2-5) ...
Setting up libmpfr4:amd64 (3.1.0-5) ...
Setting up libquadmath0:amd64 (4.7.2-5) ...
Setting up libxau6:amd64 (1:1.0.7-1) ...
Setting up libxdmcp6:amd64 (1:1.1.1-1) ...
Setting up libxcb1:amd64 (1.8.1-2+deb7u1) ...
Setting up libx11-data (2:1.5.0-1+deb7u1) ...
Setting up libx11-6:amd64 (2:1.5.0-1+deb7u1) ...
Setting up libxext6:amd64 (2:1.3.1-2+deb7u1) ...
Setting up libxmuu1:amd64 (2:1.1.1-1) ...
Setting up openssh-blacklist (0.4.1+nmu1) ...
Setting up openssh-blacklist-extra (0.4.1+nmu1) ...
Setting up libmpc2:amd64 (0.9-4) ...
Setting up adduser (3.113+nmu3) ...
Setting up manpages (3.44-1) ...
Setting up wget (1.13.4-3+deb7u1) ...
Setting up bzip2 (1.0.6-4) ...
Setting up file (5.11-2+deb7u3) ...
Setting up krb5-locales (1.10.1+dfsg-5+deb7u2) ...
Setting up less (444-4) ...
Setting up libclass-isa-perl (0.36-3) ...
Setting up locales (2.13-38+deb7u4) ...
[91mGenerating locales (this might take a while)...
[0m[91mGeneration complete.
[0mSetting up mime-support (3.52-1) ...
update-alternatives: using /usr/bin/see to provide /usr/bin/view (view) in auto mode
Setting up openssh-client (1:6.0p1-4+deb7u2) ...
Setting up patch (2.6.1-3) ...
Setting up python2.7-minimal (2.7.3-6+deb7u2) ...
Setting up python2.7 (2.7.3-6+deb7u2) ...
Setting up python-minimal (2.7.3-4+deb7u1) ...
Setting up python (2.7.3-4+deb7u1) ...
Setting up python2.6-minimal (2.6.8-1.1) ...
Setting up binutils (2.22-8) ...
Setting up libc-dev-bin (2.13-38+deb7u4) ...
Setting up linux-libc-dev:amd64 (3.2.60-1+deb7u3) ...
Setting up libc6-dev:amd64 (2.13-38+deb7u4) ...
Setting up cpp-4.7 (4.7.2-5) ...
Setting up cpp (4:4.7.2-1) ...
Setting up gcc-4.7 (4.7.2-5) ...
Setting up gcc (4:4.7.2-1) ...
Setting up make (3.81-8.2) ...
Setting up openssl (1.0.1e-2+deb7u12) ...
Setting up ca-certificates (20130119) ...
Setting up fakeroot (1.18.4-2) ...
update-alternatives: using /usr/bin/fakeroot-sysv to provide /usr/bin/fakeroot (fakeroot) in auto mode
Setting up git-man (1:1.7.10.4-1+wheezy1) ...
Setting up libexpat1-dev (2.1.0-1+deb7u1) ...
Setting up libpython2.7 (2.7.3-6+deb7u2) ...
Setting up libsasl2-modules:amd64 (2.1.25.dfsg1-6+deb7u1) ...
Setting up zlib1g-dev:amd64 (1:1.2.7.dfsg-13) ...
Setting up libssl-dev (1.0.1e-2+deb7u12) ...
Setting up libssl-doc (1.0.1e-2+deb7u12) ...
Setting up manpages-dev (3.44-1) ...
Setting up python2.7-dev (2.7.3-6+deb7u2) ...
Setting up python-dev (2.7.3-4+deb7u1) ...
Setting up python2.6 (2.6.8-1.1) ...
Setting up python-pkg-resources (0.6.24-1) ...
Setting up python-setuptools (0.6.24-1) ...
Setting up python-pip (1.1-3) ...
Setting up rsync (3.0.9-4) ...
update-rc.d: using dependency based boot sequencing
[91minvoke-rc.d: policy-rc.d denied execution of restart.
[0mSetting up xauth (1:1.0.7-1) ...
Setting up libswitch-perl (2.16-2) ...
Setting up perl-modules (5.14.2-21+deb7u1) ...
Setting up perl (5.14.2-21+deb7u1) ...
update-alternatives: using /usr/bin/prename to provide /usr/bin/rename (rename) in auto mode
Setting up libstdc++6-4.7-dev (4.7.2-5) ...
Setting up g++-4.7 (4.7.2-5) ...
Setting up g++ (4:4.7.2-1) ...
update-alternatives: using /usr/bin/g++ to provide /usr/bin/c++ (c++) in auto mode
Setting up libtimedate-perl (1.2000-1) ...
Setting up libdpkg-perl (1.16.15) ...
Setting up dpkg-dev (1.16.15) ...
Setting up build-essential (11.5) ...
Setting up liberror-perl (0.17-1) ...
Setting up git (1:1.7.10.4-1+wheezy1) ...
Setting up libalgorithm-diff-perl (1.19.02-2) ...
Setting up libalgorithm-diff-xs-perl (0.04-2+b1) ...
Setting up libalgorithm-merge-perl (0.08-2) ...
Setting up libfile-fcntllock-perl (0.14-2) ...
Processing triggers for ca-certificates ...
Updating certificates in /etc/ssl/certs... 158 added, 0 removed; done.
Running hooks in /etc/ca-certificates/update.d....done.
 ---> 9a3601d3a1c2
Removing intermediate container 4568978d217e
Step 5 : RUN echo "en_US.UTF-8 UTF-8" > /etc/locale.gen &&    locale-gen en_US.UTF-8 &&    dpkg-reconfigure -f noninteractive locales &&    /usr/sbin/update-locale LANG=en_US.UTF-8
 ---> Running in c8700e844aed
Generating locales (this might take a while)...
  en_US.UTF-8... done
Generation complete.
[91mGenerating locales (this might take a while)...
[0m[91m  en_US[0m[91m.UTF-8[0m[91m...[0m[91m done
[0m[91mGeneration complete.
[0m ---> ada46d48512c
Removing intermediate container c8700e844aed
Step 6 : ENV LC_ALL en_US.UTF-8
 ---> Running in dd985cdeb940
 ---> 50485365e722
Removing intermediate container dd985cdeb940
Step 7 : RUN pip install --upgrade distribute
 ---> Running in f30a81141be5
Downloading/unpacking distribute from https://pypi.python.org/packages/source/d/distribute/distribute-0.7.3.zip#md5=c6c59594a7b180af57af8a0cc0cf5b4a
  Running setup.py egg_info for package distribute
    
Downloading/unpacking setuptools>=0.7 (from distribute)
  Running setup.py egg_info for package setuptools
    
Installing collected packages: distribute, setuptools
  Found existing installation: distribute 0.6.24dev-r0
    Uninstalling distribute:
      Successfully uninstalled distribute
  Running setup.py install for distribute
    
  Found existing installation: distribute 0.6.24dev-r0
    Uninstalling distribute:
      Successfully uninstalled distribute
  Running setup.py install for setuptools
    
    Installing easy_install script to /usr/local/bin
    Installing easy_install-2.7 script to /usr/local/bin
Successfully installed distribute setuptools
Cleaning up...
 ---> 85775bf06779
Removing intermediate container f30a81141be5
Successfully built 85775bf06779
